{"/home/enzobenito/Área de trabalho/Trabalho André/server.js": {"path":"/home/enzobenito/Área de trabalho/Trabalho André/server.js","statementMap":{"0":{"start":{"line":1,"column":16},"end":{"line":1,"column":34}},"1":{"start":{"line":2,"column":16},"end":{"line":2,"column":44}},"2":{"start":{"line":3,"column":13},"end":{"line":3,"column":28}},"3":{"start":{"line":4,"column":12},"end":{"line":4,"column":21}},"4":{"start":{"line":6,"column":0},"end":{"line":6,"column":24}},"5":{"start":{"line":7,"column":0},"end":{"line":7,"column":34}},"6":{"start":{"line":9,"column":11},"end":{"line":12,"column":2}},"7":{"start":{"line":10,"column":2},"end":{"line":10,"column":38}},"8":{"start":{"line":10,"column":11},"end":{"line":10,"column":38}},"9":{"start":{"line":11,"column":2},"end":{"line":11,"column":53}},"10":{"start":{"line":14,"column":0},"end":{"line":21,"column":4}},"11":{"start":{"line":23,"column":0},"end":{"line":31,"column":3}},"12":{"start":{"line":24,"column":2},"end":{"line":30,"column":5}},"13":{"start":{"line":25,"column":4},"end":{"line":28,"column":5}},"14":{"start":{"line":26,"column":6},"end":{"line":26,"column":51}},"15":{"start":{"line":27,"column":6},"end":{"line":27,"column":13}},"16":{"start":{"line":29,"column":4},"end":{"line":29,"column":33}},"17":{"start":{"line":33,"column":0},"end":{"line":45,"column":3}},"18":{"start":{"line":34,"column":2},"end":{"line":44,"column":5}},"19":{"start":{"line":35,"column":4},"end":{"line":38,"column":5}},"20":{"start":{"line":36,"column":6},"end":{"line":36,"column":51}},"21":{"start":{"line":37,"column":6},"end":{"line":37,"column":13}},"22":{"start":{"line":39,"column":4},"end":{"line":42,"column":5}},"23":{"start":{"line":40,"column":6},"end":{"line":40,"column":64}},"24":{"start":{"line":41,"column":6},"end":{"line":41,"column":13}},"25":{"start":{"line":43,"column":4},"end":{"line":43,"column":31}},"26":{"start":{"line":47,"column":0},"end":{"line":70,"column":3}},"27":{"start":{"line":48,"column":41},"end":{"line":48,"column":49}},"28":{"start":{"line":50,"column":2},"end":{"line":53,"column":3}},"29":{"start":{"line":51,"column":4},"end":{"line":51,"column":72}},"30":{"start":{"line":52,"column":4},"end":{"line":52,"column":11}},"31":{"start":{"line":55,"column":14},"end":{"line":55,"column":85}},"32":{"start":{"line":56,"column":2},"end":{"line":69,"column":5}},"33":{"start":{"line":57,"column":4},"end":{"line":64,"column":5}},"34":{"start":{"line":58,"column":6},"end":{"line":62,"column":7}},"35":{"start":{"line":59,"column":8},"end":{"line":59,"column":70}},"36":{"start":{"line":61,"column":8},"end":{"line":61,"column":53}},"37":{"start":{"line":63,"column":6},"end":{"line":63,"column":13}},"38":{"start":{"line":65,"column":4},"end":{"line":68,"column":7}},"39":{"start":{"line":72,"column":0},"end":{"line":87,"column":3}},"40":{"start":{"line":73,"column":41},"end":{"line":73,"column":49}},"41":{"start":{"line":74,"column":14},"end":{"line":74,"column":91}},"42":{"start":{"line":76,"column":2},"end":{"line":86,"column":5}},"43":{"start":{"line":77,"column":4},"end":{"line":80,"column":5}},"44":{"start":{"line":78,"column":6},"end":{"line":78,"column":51}},"45":{"start":{"line":79,"column":6},"end":{"line":79,"column":13}},"46":{"start":{"line":81,"column":4},"end":{"line":84,"column":5}},"47":{"start":{"line":82,"column":6},"end":{"line":82,"column":64}},"48":{"start":{"line":83,"column":6},"end":{"line":83,"column":13}},"49":{"start":{"line":85,"column":4},"end":{"line":85,"column":60}},"50":{"start":{"line":89,"column":0},"end":{"line":101,"column":3}},"51":{"start":{"line":90,"column":2},"end":{"line":100,"column":5}},"52":{"start":{"line":91,"column":4},"end":{"line":94,"column":5}},"53":{"start":{"line":92,"column":6},"end":{"line":92,"column":51}},"54":{"start":{"line":93,"column":6},"end":{"line":93,"column":13}},"55":{"start":{"line":95,"column":4},"end":{"line":98,"column":5}},"56":{"start":{"line":96,"column":6},"end":{"line":96,"column":64}},"57":{"start":{"line":97,"column":6},"end":{"line":97,"column":13}},"58":{"start":{"line":99,"column":4},"end":{"line":99,"column":58}},"59":{"start":{"line":103,"column":13},"end":{"line":103,"column":37}},"60":{"start":{"line":105,"column":0},"end":{"line":109,"column":1}},"61":{"start":{"line":106,"column":2},"end":{"line":108,"column":5}},"62":{"start":{"line":107,"column":4},"end":{"line":107,"column":53}},"63":{"start":{"line":111,"column":0},"end":{"line":111,"column":29}}},"fnMap":{"0":{"name":"(anonymous_0)","decl":{"start":{"line":9,"column":49},"end":{"line":9,"column":50}},"loc":{"start":{"line":9,"column":58},"end":{"line":12,"column":1}},"line":9},"1":{"name":"(anonymous_1)","decl":{"start":{"line":23,"column":25},"end":{"line":23,"column":26}},"loc":{"start":{"line":23,"column":39},"end":{"line":31,"column":1}},"line":23},"2":{"name":"(anonymous_2)","decl":{"start":{"line":24,"column":67},"end":{"line":24,"column":68}},"loc":{"start":{"line":24,"column":82},"end":{"line":30,"column":3}},"line":24},"3":{"name":"(anonymous_3)","decl":{"start":{"line":33,"column":29},"end":{"line":33,"column":30}},"loc":{"start":{"line":33,"column":43},"end":{"line":45,"column":1}},"line":33},"4":{"name":"(anonymous_4)","decl":{"start":{"line":34,"column":65},"end":{"line":34,"column":66}},"loc":{"start":{"line":34,"column":79},"end":{"line":44,"column":3}},"line":34},"5":{"name":"(anonymous_5)","decl":{"start":{"line":47,"column":26},"end":{"line":47,"column":27}},"loc":{"start":{"line":47,"column":40},"end":{"line":70,"column":1}},"line":47},"6":{"name":"(anonymous_6)","decl":{"start":{"line":56,"column":44},"end":{"line":56,"column":45}},"loc":{"start":{"line":56,"column":58},"end":{"line":69,"column":3}},"line":56},"7":{"name":"(anonymous_7)","decl":{"start":{"line":72,"column":29},"end":{"line":72,"column":30}},"loc":{"start":{"line":72,"column":43},"end":{"line":87,"column":1}},"line":72},"8":{"name":"(anonymous_8)","decl":{"start":{"line":76,"column":59},"end":{"line":76,"column":60}},"loc":{"start":{"line":76,"column":73},"end":{"line":86,"column":3}},"line":76},"9":{"name":"(anonymous_9)","decl":{"start":{"line":89,"column":32},"end":{"line":89,"column":33}},"loc":{"start":{"line":89,"column":46},"end":{"line":101,"column":1}},"line":89},"10":{"name":"(anonymous_10)","decl":{"start":{"line":90,"column":63},"end":{"line":90,"column":64}},"loc":{"start":{"line":90,"column":77},"end":{"line":100,"column":3}},"line":90},"11":{"name":"(anonymous_11)","decl":{"start":{"line":106,"column":19},"end":{"line":106,"column":20}},"loc":{"start":{"line":106,"column":25},"end":{"line":108,"column":3}},"line":106}},"branchMap":{"0":{"loc":{"start":{"line":10,"column":2},"end":{"line":10,"column":38}},"type":"if","locations":[{"start":{"line":10,"column":2},"end":{"line":10,"column":38}},{"start":{},"end":{}}],"line":10},"1":{"loc":{"start":{"line":25,"column":4},"end":{"line":28,"column":5}},"type":"if","locations":[{"start":{"line":25,"column":4},"end":{"line":28,"column":5}},{"start":{},"end":{}}],"line":25},"2":{"loc":{"start":{"line":35,"column":4},"end":{"line":38,"column":5}},"type":"if","locations":[{"start":{"line":35,"column":4},"end":{"line":38,"column":5}},{"start":{},"end":{}}],"line":35},"3":{"loc":{"start":{"line":39,"column":4},"end":{"line":42,"column":5}},"type":"if","locations":[{"start":{"line":39,"column":4},"end":{"line":42,"column":5}},{"start":{},"end":{}}],"line":39},"4":{"loc":{"start":{"line":50,"column":2},"end":{"line":53,"column":3}},"type":"if","locations":[{"start":{"line":50,"column":2},"end":{"line":53,"column":3}},{"start":{},"end":{}}],"line":50},"5":{"loc":{"start":{"line":50,"column":6},"end":{"line":50,"column":42}},"type":"binary-expr","locations":[{"start":{"line":50,"column":6},"end":{"line":50,"column":11}},{"start":{"line":50,"column":15},"end":{"line":50,"column":21}},{"start":{"line":50,"column":25},"end":{"line":50,"column":34}},{"start":{"line":50,"column":38},"end":{"line":50,"column":42}}],"line":50},"6":{"loc":{"start":{"line":57,"column":4},"end":{"line":64,"column":5}},"type":"if","locations":[{"start":{"line":57,"column":4},"end":{"line":64,"column":5}},{"start":{},"end":{}}],"line":57},"7":{"loc":{"start":{"line":58,"column":6},"end":{"line":62,"column":7}},"type":"if","locations":[{"start":{"line":58,"column":6},"end":{"line":62,"column":7}},{"start":{"line":60,"column":13},"end":{"line":62,"column":7}}],"line":58},"8":{"loc":{"start":{"line":77,"column":4},"end":{"line":80,"column":5}},"type":"if","locations":[{"start":{"line":77,"column":4},"end":{"line":80,"column":5}},{"start":{},"end":{}}],"line":77},"9":{"loc":{"start":{"line":81,"column":4},"end":{"line":84,"column":5}},"type":"if","locations":[{"start":{"line":81,"column":4},"end":{"line":84,"column":5}},{"start":{},"end":{}}],"line":81},"10":{"loc":{"start":{"line":91,"column":4},"end":{"line":94,"column":5}},"type":"if","locations":[{"start":{"line":91,"column":4},"end":{"line":94,"column":5}},{"start":{},"end":{}}],"line":91},"11":{"loc":{"start":{"line":95,"column":4},"end":{"line":98,"column":5}},"type":"if","locations":[{"start":{"line":95,"column":4},"end":{"line":98,"column":5}},{"start":{},"end":{}}],"line":95},"12":{"loc":{"start":{"line":103,"column":13},"end":{"line":103,"column":37}},"type":"binary-expr","locations":[{"start":{"line":103,"column":13},"end":{"line":103,"column":29}},{"start":{"line":103,"column":33},"end":{"line":103,"column":37}}],"line":103},"13":{"loc":{"start":{"line":105,"column":0},"end":{"line":109,"column":1}},"type":"if","locations":[{"start":{"line":105,"column":0},"end":{"line":109,"column":1}},{"start":{},"end":{}}],"line":105}},"s":{"0":1,"1":1,"2":1,"3":1,"4":1,"5":1,"6":1,"7":1,"8":0,"9":1,"10":1,"11":1,"12":2,"13":2,"14":0,"15":0,"16":2,"17":1,"18":4,"19":4,"20":0,"21":0,"22":4,"23":2,"24":2,"25":2,"26":1,"27":11,"28":11,"29":1,"30":1,"31":10,"32":10,"33":10,"34":2,"35":2,"36":0,"37":2,"38":8,"39":1,"40":2,"41":2,"42":2,"43":2,"44":0,"45":0,"46":2,"47":1,"48":1,"49":1,"50":1,"51":2,"52":2,"53":0,"54":0,"55":2,"56":1,"57":1,"58":1,"59":1,"60":1,"61":0,"62":0,"63":1},"f":{"0":1,"1":2,"2":2,"3":4,"4":4,"5":11,"6":10,"7":2,"8":2,"9":2,"10":2,"11":0},"b":{"0":[0,1],"1":[0,2],"2":[0,4],"3":[2,2],"4":[1,10],"5":[11,11,11,10],"6":[2,8],"7":[2,0],"8":[0,2],"9":[1,1],"10":[0,2],"11":[1,1],"12":[1,1],"13":[0,1]},"_coverageSchema":"1a1c01bbd47fc00a2c39e90264f33305004495a9","hash":"f089b19dcd13c7c7025984bd8004e90b0d136437"}
}
