TN:
SF:server.js
FN:9,(anonymous_0)
FN:23,(anonymous_1)
FN:24,(anonymous_2)
FN:33,(anonymous_3)
FN:34,(anonymous_4)
FN:47,(anonymous_5)
FN:56,(anonymous_6)
FN:72,(anonymous_7)
FN:76,(anonymous_8)
FN:89,(anonymous_9)
FN:90,(anonymous_10)
FN:106,(anonymous_11)
FNF:12
FNH:11
FNDA:1,(anonymous_0)
FNDA:2,(anonymous_1)
FNDA:2,(anonymous_2)
FNDA:4,(anonymous_3)
FNDA:4,(anonymous_4)
FNDA:11,(anonymous_5)
FNDA:10,(anonymous_6)
FNDA:2,(anonymous_7)
FNDA:2,(anonymous_8)
FNDA:2,(anonymous_9)
FNDA:2,(anonymous_10)
FNDA:0,(anonymous_11)
DA:1,1
DA:2,1
DA:3,1
DA:4,1
DA:6,1
DA:7,1
DA:9,1
DA:10,1
DA:11,1
DA:14,1
DA:23,1
DA:24,2
DA:25,2
DA:26,0
DA:27,0
DA:29,2
DA:33,1
DA:34,4
DA:35,4
DA:36,0
DA:37,0
DA:39,4
DA:40,2
DA:41,2
DA:43,2
DA:47,1
DA:48,11
DA:50,11
DA:51,1
DA:52,1
DA:55,10
DA:56,10
DA:57,10
DA:58,2
DA:59,2
DA:61,0
DA:63,2
DA:65,8
DA:72,1
DA:73,2
DA:74,2
DA:76,2
DA:77,2
DA:78,0
DA:79,0
DA:81,2
DA:82,1
DA:83,1
DA:85,1
DA:89,1
DA:90,2
DA:91,2
DA:92,0
DA:93,0
DA:95,2
DA:96,1
DA:97,1
DA:99,1
DA:103,1
DA:105,1
DA:106,0
DA:107,0
DA:111,1
LF:63
LH:52
BRDA:10,0,0,0
BRDA:10,0,1,1
BRDA:25,1,0,0
BRDA:25,1,1,2
BRDA:35,2,0,0
BRDA:35,2,1,4
BRDA:39,3,0,2
BRDA:39,3,1,2
BRDA:50,4,0,1
BRDA:50,4,1,10
BRDA:50,5,0,11
BRDA:50,5,1,11
BRDA:50,5,2,11
BRDA:50,5,3,10
BRDA:57,6,0,2
BRDA:57,6,1,8
BRDA:58,7,0,2
BRDA:58,7,1,0
BRDA:77,8,0,0
BRDA:77,8,1,2
BRDA:81,9,0,1
BRDA:81,9,1,1
BRDA:91,10,0,0
BRDA:91,10,1,2
BRDA:95,11,0,1
BRDA:95,11,1,1
BRDA:103,12,0,1
BRDA:103,12,1,1
BRDA:105,13,0,0
BRDA:105,13,1,1
BRF:30
BRH:23
end_of_record
